Determining if the include file ffmpeg/avformat.h exists failed with the following output:
Change Dir: /home/abdellah/Software/OpenCV_2.4.0/build/CMakeFiles/CMakeTmp

Run Build Command:/usr/bin/make "cmTryCompileExec/fast"
/usr/bin/make -f CMakeFiles/cmTryCompileExec.dir/build.make CMakeFiles/cmTryCompileExec.dir/build
make[1]: Entering directory `/home/abdellah/Software/OpenCV_2.4.0/build/CMakeFiles/CMakeTmp'
/usr/bin/cmake -E cmake_progress_report /home/abdellah/Software/OpenCV_2.4.0/build/CMakeFiles/CMakeTmp/CMakeFiles 1
Building C object CMakeFiles/cmTryCompileExec.dir/CheckIncludeFile.c.o
/usr/bin/gcc   -Wall -Wno-long-long -pthread -fomit-frame-pointer -msse -msse2 -ffunction-sections     -o CMakeFiles/cmTryCompileExec.dir/CheckIncludeFile.c.o   -c /home/abdellah/Software/OpenCV_2.4.0/build/CMakeFiles/CMakeTmp/CheckIncludeFile.c
/home/abdellah/Software/OpenCV_2.4.0/build/CMakeFiles/CMakeTmp/CheckIncludeFile.c:1:29: fatal error: ffmpeg/avformat.h: No such file or directory
compilation terminated.
make[1]: *** [CMakeFiles/cmTryCompileExec.dir/CheckIncludeFile.c.o] Error 1
make[1]: Leaving directory `/home/abdellah/Software/OpenCV_2.4.0/build/CMakeFiles/CMakeTmp'
make: *** [cmTryCompileExec/fast] Error 2


Determining if the function alloca exists failed with the following output:
Change Dir: /home/abdellah/Software/OpenCV_2.4.0/build/CMakeFiles/CMakeTmp

Run Build Command:/usr/bin/make "cmTryCompileExec/fast"
/usr/bin/make -f CMakeFiles/cmTryCompileExec.dir/build.make CMakeFiles/cmTryCompileExec.dir/build
make[1]: Entering directory `/home/abdellah/Software/OpenCV_2.4.0/build/CMakeFiles/CMakeTmp'
/usr/bin/cmake -E cmake_progress_report /home/abdellah/Software/OpenCV_2.4.0/build/CMakeFiles/CMakeTmp/CMakeFiles 1
Building C object CMakeFiles/cmTryCompileExec.dir/CheckFunctionExists.c.o
/usr/bin/gcc   -Wall -Wno-long-long -pthread -fomit-frame-pointer -msse -msse2 -ffunction-sections  -DCHECK_FUNCTION_EXISTS=alloca   -o CMakeFiles/cmTryCompileExec.dir/CheckFunctionExists.c.o   -c /usr/share/cmake-2.8/Modules/CheckFunctionExists.c
/usr/share/cmake-2.8/Modules/CheckFunctionExists.c:3:6: warning: conflicting types for built-in function ‘alloca’ [enabled by default]
Linking C executable cmTryCompileExec
/usr/bin/cmake -E cmake_link_script CMakeFiles/cmTryCompileExec.dir/link.txt --verbose=1
/usr/bin/gcc     -Wall -Wno-long-long -pthread -fomit-frame-pointer -msse -msse2 -ffunction-sections  -DCHECK_FUNCTION_EXISTS=alloca    CMakeFiles/cmTryCompileExec.dir/CheckFunctionExists.c.o  -o cmTryCompileExec -rdynamic 
CMakeFiles/cmTryCompileExec.dir/CheckFunctionExists.c.o: In function `main':
CheckFunctionExists.c:(.text.main+0x15): undefined reference to `alloca'
collect2: ld returned 1 exit status
make[1]: *** [cmTryCompileExec] Error 1
make[1]: Leaving directory `/home/abdellah/Software/OpenCV_2.4.0/build/CMakeFiles/CMakeTmp'
make: *** [cmTryCompileExec/fast] Error 2


Determining if the include file linux/videodev.h exists failed with the following output:
Change Dir: /home/abdellah/Software/OpenCV_2.4.0/build/CMakeFiles/CMakeTmp

Run Build Command:/usr/bin/make "cmTryCompileExec/fast"
/usr/bin/make -f CMakeFiles/cmTryCompileExec.dir/build.make CMakeFiles/cmTryCompileExec.dir/build
make[1]: Entering directory `/home/abdellah/Software/OpenCV_2.4.0/build/CMakeFiles/CMakeTmp'
/usr/bin/cmake -E cmake_progress_report /home/abdellah/Software/OpenCV_2.4.0/build/CMakeFiles/CMakeTmp/CMakeFiles 1
Building C object CMakeFiles/cmTryCompileExec.dir/CheckIncludeFile.c.o
/usr/bin/gcc   -Wall -Wno-long-long -pthread -fomit-frame-pointer -msse -msse2 -ffunction-sections     -o CMakeFiles/cmTryCompileExec.dir/CheckIncludeFile.c.o   -c /home/abdellah/Software/OpenCV_2.4.0/build/CMakeFiles/CMakeTmp/CheckIncludeFile.c
/home/abdellah/Software/OpenCV_2.4.0/build/CMakeFiles/CMakeTmp/CheckIncludeFile.c:1:28: fatal error: linux/videodev.h: No such file or directory
compilation terminated.
make[1]: *** [CMakeFiles/cmTryCompileExec.dir/CheckIncludeFile.c.o] Error 1
make[1]: Leaving directory `/home/abdellah/Software/OpenCV_2.4.0/build/CMakeFiles/CMakeTmp'
make: *** [cmTryCompileExec/fast] Error 2


Determining if the include file ffmpeg/avformat.h exists failed with the following output:
Change Dir: /home/abdellah/Software/OpenCV_2.4.0/build/CMakeFiles/CMakeTmp

Run Build Command:/usr/bin/make "cmTryCompileExec/fast"
/usr/bin/make -f CMakeFiles/cmTryCompileExec.dir/build.make CMakeFiles/cmTryCompileExec.dir/build
make[1]: Entering directory `/home/abdellah/Software/OpenCV_2.4.0/build/CMakeFiles/CMakeTmp'
/usr/bin/cmake -E cmake_progress_report /home/abdellah/Software/OpenCV_2.4.0/build/CMakeFiles/CMakeTmp/CMakeFiles 1
Building C object CMakeFiles/cmTryCompileExec.dir/CheckIncludeFile.c.o
/usr/bin/gcc   -Wall -Wno-long-long -pthread -fomit-frame-pointer -msse -msse2 -ffunction-sections     -o CMakeFiles/cmTryCompileExec.dir/CheckIncludeFile.c.o   -c /home/abdellah/Software/OpenCV_2.4.0/build/CMakeFiles/CMakeTmp/CheckIncludeFile.c
/home/abdellah/Software/OpenCV_2.4.0/build/CMakeFiles/CMakeTmp/CheckIncludeFile.c:1:29: fatal error: ffmpeg/avformat.h: No such file or directory
compilation terminated.
make[1]: *** [CMakeFiles/cmTryCompileExec.dir/CheckIncludeFile.c.o] Error 1
make[1]: Leaving directory `/home/abdellah/Software/OpenCV_2.4.0/build/CMakeFiles/CMakeTmp'
make: *** [cmTryCompileExec/fast] Error 2


Determining if the function alloca exists failed with the following output:
Change Dir: /home/abdellah/Software/OpenCV_2.4.0/build/CMakeFiles/CMakeTmp

Run Build Command:/usr/bin/make "cmTryCompileExec/fast"
/usr/bin/make -f CMakeFiles/cmTryCompileExec.dir/build.make CMakeFiles/cmTryCompileExec.dir/build
make[1]: Entering directory `/home/abdellah/Software/OpenCV_2.4.0/build/CMakeFiles/CMakeTmp'
/usr/bin/cmake -E cmake_progress_report /home/abdellah/Software/OpenCV_2.4.0/build/CMakeFiles/CMakeTmp/CMakeFiles 1
Building C object CMakeFiles/cmTryCompileExec.dir/CheckFunctionExists.c.o
/usr/bin/gcc   -Wall -Wno-long-long -pthread -fomit-frame-pointer -msse -msse2 -ffunction-sections  -DCHECK_FUNCTION_EXISTS=alloca   -o CMakeFiles/cmTryCompileExec.dir/CheckFunctionExists.c.o   -c /usr/share/cmake-2.8/Modules/CheckFunctionExists.c
/usr/share/cmake-2.8/Modules/CheckFunctionExists.c:3:6: warning: conflicting types for built-in function ‘alloca’ [enabled by default]
Linking C executable cmTryCompileExec
/usr/bin/cmake -E cmake_link_script CMakeFiles/cmTryCompileExec.dir/link.txt --verbose=1
/usr/bin/gcc     -Wall -Wno-long-long -pthread -fomit-frame-pointer -msse -msse2 -ffunction-sections  -DCHECK_FUNCTION_EXISTS=alloca    CMakeFiles/cmTryCompileExec.dir/CheckFunctionExists.c.o  -o cmTryCompileExec -rdynamic 
CMakeFiles/cmTryCompileExec.dir/CheckFunctionExists.c.o: In function `main':
CheckFunctionExists.c:(.text.main+0x15): undefined reference to `alloca'
collect2: ld returned 1 exit status
make[1]: *** [cmTryCompileExec] Error 1
make[1]: Leaving directory `/home/abdellah/Software/OpenCV_2.4.0/build/CMakeFiles/CMakeTmp'
make: *** [cmTryCompileExec/fast] Error 2


Determining if the include file linux/videodev.h exists failed with the following output:
Change Dir: /home/abdellah/Software/OpenCV_2.4.0/build/CMakeFiles/CMakeTmp

Run Build Command:/usr/bin/make "cmTryCompileExec/fast"
/usr/bin/make -f CMakeFiles/cmTryCompileExec.dir/build.make CMakeFiles/cmTryCompileExec.dir/build
make[1]: Entering directory `/home/abdellah/Software/OpenCV_2.4.0/build/CMakeFiles/CMakeTmp'
/usr/bin/cmake -E cmake_progress_report /home/abdellah/Software/OpenCV_2.4.0/build/CMakeFiles/CMakeTmp/CMakeFiles 1
Building C object CMakeFiles/cmTryCompileExec.dir/CheckIncludeFile.c.o
/usr/bin/gcc   -Wall -Wno-long-long -pthread -fomit-frame-pointer -msse -msse2 -ffunction-sections     -o CMakeFiles/cmTryCompileExec.dir/CheckIncludeFile.c.o   -c /home/abdellah/Software/OpenCV_2.4.0/build/CMakeFiles/CMakeTmp/CheckIncludeFile.c
/home/abdellah/Software/OpenCV_2.4.0/build/CMakeFiles/CMakeTmp/CheckIncludeFile.c:1:28: fatal error: linux/videodev.h: No such file or directory
compilation terminated.
make[1]: *** [CMakeFiles/cmTryCompileExec.dir/CheckIncludeFile.c.o] Error 1
make[1]: Leaving directory `/home/abdellah/Software/OpenCV_2.4.0/build/CMakeFiles/CMakeTmp'
make: *** [cmTryCompileExec/fast] Error 2


